28-Sep-2017 15:26:34.452 INFO [main] org.apache.catalina.startup.VersionLoggerListener.log Server version:        Apache Tomcat/9.0.0.M26
28-Sep-2017 15:26:34.545 INFO [main] org.apache.catalina.startup.VersionLoggerListener.log Server built:          Aug 2 2017 20:29:05 UTC
28-Sep-2017 15:26:34.545 INFO [main] org.apache.catalina.startup.VersionLoggerListener.log Server number:         9.0.0.0
28-Sep-2017 15:26:34.545 INFO [main] org.apache.catalina.startup.VersionLoggerListener.log OS Name:               Windows 10
28-Sep-2017 15:26:34.545 INFO [main] org.apache.catalina.startup.VersionLoggerListener.log OS Version:            10.0
28-Sep-2017 15:26:34.545 INFO [main] org.apache.catalina.startup.VersionLoggerListener.log Architecture:          amd64
28-Sep-2017 15:26:34.545 INFO [main] org.apache.catalina.startup.VersionLoggerListener.log Java Home:             C:\Program Files\Java\jdk1.8.0_77\jre
28-Sep-2017 15:26:34.561 INFO [main] org.apache.catalina.startup.VersionLoggerListener.log JVM Version:           1.8.0_77-b03
28-Sep-2017 15:26:34.561 INFO [main] org.apache.catalina.startup.VersionLoggerListener.log JVM Vendor:            Oracle Corporation
28-Sep-2017 15:26:34.561 INFO [main] org.apache.catalina.startup.VersionLoggerListener.log CATALINA_BASE:         E:\School Projects\apache-tomcat-9.0.0.M26
28-Sep-2017 15:26:34.561 INFO [main] org.apache.catalina.startup.VersionLoggerListener.log CATALINA_HOME:         E:\School Projects\apache-tomcat-9.0.0.M26
28-Sep-2017 15:26:34.561 INFO [main] org.apache.catalina.startup.VersionLoggerListener.log Command line argument: -Djava.util.logging.config.file=E:\School Projects\apache-tomcat-9.0.0.M26\conf\logging.properties
28-Sep-2017 15:26:34.561 INFO [main] org.apache.catalina.startup.VersionLoggerListener.log Command line argument: -Djava.util.logging.manager=org.apache.juli.ClassLoaderLogManager
28-Sep-2017 15:26:34.561 INFO [main] org.apache.catalina.startup.VersionLoggerListener.log Command line argument: -Djdk.tls.ephemeralDHKeySize=2048
28-Sep-2017 15:26:34.561 INFO [main] org.apache.catalina.startup.VersionLoggerListener.log Command line argument: -Djava.protocol.handler.pkgs=org.apache.catalina.webresources
28-Sep-2017 15:26:34.561 INFO [main] org.apache.catalina.startup.VersionLoggerListener.log Command line argument: -Dcatalina.base=E:\School Projects\apache-tomcat-9.0.0.M26
28-Sep-2017 15:26:34.561 INFO [main] org.apache.catalina.startup.VersionLoggerListener.log Command line argument: -Dcatalina.home=E:\School Projects\apache-tomcat-9.0.0.M26
28-Sep-2017 15:26:34.561 INFO [main] org.apache.catalina.startup.VersionLoggerListener.log Command line argument: -Djava.io.tmpdir=E:\School Projects\apache-tomcat-9.0.0.M26\temp
28-Sep-2017 15:26:34.577 INFO [main] org.apache.catalina.core.AprLifecycleListener.lifecycleEvent Loaded APR based Apache Tomcat Native library [1.2.12] using APR version [1.5.2].
28-Sep-2017 15:26:34.577 INFO [main] org.apache.catalina.core.AprLifecycleListener.lifecycleEvent APR capabilities: IPv6 [true], sendfile [true], accept filters [false], random [true].
28-Sep-2017 15:26:34.577 INFO [main] org.apache.catalina.core.AprLifecycleListener.lifecycleEvent APR/OpenSSL configuration: useAprConnector [false], useOpenSSL [true]
28-Sep-2017 15:26:35.889 INFO [main] org.apache.catalina.core.AprLifecycleListener.initializeSSL OpenSSL successfully initialized [OpenSSL 1.0.2k  26 Jan 2017]
28-Sep-2017 15:26:37.296 INFO [main] org.apache.coyote.AbstractProtocol.init Initializing ProtocolHandler ["http-nio-8080"]
28-Sep-2017 15:26:37.531 INFO [main] org.apache.tomcat.util.net.NioSelectorPool.getSharedSelector Using a shared selector for servlet write/read
28-Sep-2017 15:26:37.531 INFO [main] org.apache.coyote.AbstractProtocol.init Initializing ProtocolHandler ["ajp-nio-8009"]
28-Sep-2017 15:26:37.531 INFO [main] org.apache.tomcat.util.net.NioSelectorPool.getSharedSelector Using a shared selector for servlet write/read
28-Sep-2017 15:26:37.547 INFO [main] org.apache.catalina.startup.Catalina.load Initialization processed in 6009 ms
28-Sep-2017 15:26:37.789 INFO [main] org.apache.catalina.core.StandardService.startInternal Starting service [Catalina]
28-Sep-2017 15:26:37.789 INFO [main] org.apache.catalina.core.StandardEngine.startInternal Starting Servlet Engine: Apache Tomcat/9.0.0.M26
28-Sep-2017 15:26:37.841 INFO [main] org.apache.catalina.startup.HostConfig.deployDirectory Deploying web application directory [E:\School Projects\apache-tomcat-9.0.0.M26\webapps\docs]
28-Sep-2017 15:26:40.029 WARNING [main] org.apache.catalina.util.SessionIdGeneratorBase.createSecureRandom Creation of SecureRandom instance for session ID generation using [SHA1PRNG] took [285] milliseconds.
28-Sep-2017 15:26:40.139 INFO [main] org.apache.catalina.startup.HostConfig.deployDirectory Deployment of web application directory [E:\School Projects\apache-tomcat-9.0.0.M26\webapps\docs] has finished in [2,298] ms
28-Sep-2017 15:26:40.139 INFO [main] org.apache.catalina.startup.HostConfig.deployDirectory Deploying web application directory [E:\School Projects\apache-tomcat-9.0.0.M26\webapps\examples]
28-Sep-2017 15:26:41.335 INFO [main] org.apache.catalina.startup.HostConfig.deployDirectory Deployment of web application directory [E:\School Projects\apache-tomcat-9.0.0.M26\webapps\examples] has finished in [1,196] ms
28-Sep-2017 15:26:41.335 INFO [main] org.apache.catalina.startup.HostConfig.deployDirectory Deploying web application directory [E:\School Projects\apache-tomcat-9.0.0.M26\webapps\host-manager]
28-Sep-2017 15:26:41.515 INFO [main] org.apache.catalina.startup.HostConfig.deployDirectory Deployment of web application directory [E:\School Projects\apache-tomcat-9.0.0.M26\webapps\host-manager] has finished in [180] ms
28-Sep-2017 15:26:41.515 INFO [main] org.apache.catalina.startup.HostConfig.deployDirectory Deploying web application directory [E:\School Projects\apache-tomcat-9.0.0.M26\webapps\manager]
28-Sep-2017 15:26:41.600 INFO [main] org.apache.catalina.startup.HostConfig.deployDirectory Deployment of web application directory [E:\School Projects\apache-tomcat-9.0.0.M26\webapps\manager] has finished in [85] ms
28-Sep-2017 15:26:41.600 INFO [main] org.apache.catalina.startup.HostConfig.deployDirectory Deploying web application directory [E:\School Projects\apache-tomcat-9.0.0.M26\webapps\ROOT]
28-Sep-2017 15:26:41.678 INFO [main] org.apache.catalina.startup.HostConfig.deployDirectory Deployment of web application directory [E:\School Projects\apache-tomcat-9.0.0.M26\webapps\ROOT] has finished in [78] ms
28-Sep-2017 15:26:41.693 INFO [main] org.apache.coyote.AbstractProtocol.start Starting ProtocolHandler ["http-nio-8080"]
28-Sep-2017 15:26:41.709 INFO [main] org.apache.coyote.AbstractProtocol.start Starting ProtocolHandler ["ajp-nio-8009"]
28-Sep-2017 15:26:41.725 INFO [main] org.apache.catalina.startup.Catalina.start Server startup in 4177 ms
28-Sep-2017 16:12:29.939 SEVERE [main] org.apache.catalina.startup.Catalina.stopServer Could not contact [localhost:[8005]]. Tomcat may not be running.
28-Sep-2017 16:12:37.418 SEVERE [main] org.apache.catalina.startup.Catalina.stopServer Could not contact [localhost:[8005]]. Tomcat may not be running.
28-Sep-2017 16:12:37.418 SEVERE [main] org.apache.catalina.startup.Catalina.stopServer Catalina.stop: 
 java.net.ConnectException: Connection refused: connect
	at java.net.DualStackPlainSocketImpl.connect0(Native Method)
	at java.net.DualStackPlainSocketImpl.socketConnect(DualStackPlainSocketImpl.java:79)
	at java.net.AbstractPlainSocketImpl.doConnect(AbstractPlainSocketImpl.java:350)
	at java.net.AbstractPlainSocketImpl.connectToAddress(AbstractPlainSocketImpl.java:206)
	at java.net.AbstractPlainSocketImpl.connect(AbstractPlainSocketImpl.java:188)
	at java.net.PlainSocketImpl.connect(PlainSocketImpl.java:172)
	at java.net.SocksSocketImpl.connect(SocksSocketImpl.java:392)
	at java.net.Socket.connect(Socket.java:589)
	at java.net.Socket.connect(Socket.java:538)
	at java.net.Socket.<init>(Socket.java:434)
	at java.net.Socket.<init>(Socket.java:211)
	at org.apache.catalina.startup.Catalina.stopServer(Catalina.java:478)
	at sun.reflect.NativeMethodAccessorImpl.invoke0(Native Method)
	at sun.reflect.NativeMethodAccessorImpl.invoke(NativeMethodAccessorImpl.java:62)
	at sun.reflect.DelegatingMethodAccessorImpl.invoke(DelegatingMethodAccessorImpl.java:43)
	at java.lang.reflect.Method.invoke(Method.java:498)
	at org.apache.catalina.startup.Bootstrap.stopServer(Bootstrap.java:408)
	at org.apache.catalina.startup.Bootstrap.main(Bootstrap.java:497)

